This file contains any messages produced by compilers while
running configure, to aid debugging if configure makes a mistake.

It was created by Cilk Runtime configure 2.0, which was
generated by GNU Autoconf 2.69.  Invocation command line was

  $ ../../../intel-cilk-runtime/configure --prefix=/home/jsun/swanModel/jacob/cilk-swan CC=/home/jsun/swanModel/jacob/llvm-clang/bin/clang CXX=/home/jsun/swanModel/jacob/llvm-clang/bin/clang++

## --------- ##
## Platform. ##
## --------- ##

hostname = jacob.eeecs.qub.ac.uk
uname -m = x86_64
uname -r = 3.10.0-229.4.2.el7.x86_64
uname -s = Linux
uname -v = #1 SMP Wed May 13 10:06:09 UTC 2015

/usr/bin/uname -p = x86_64
/bin/uname -X     = unknown

/bin/arch              = x86_64
/usr/bin/arch -k       = unknown
/usr/convex/getsysinfo = unknown
/usr/bin/hostinfo      = unknown
/bin/machine           = unknown
/usr/bin/oslevel       = unknown
/bin/universe          = unknown

PATH: /var/shared/gcc-4.9.0/bin
PATH: /var/shared/gcc-4.9.0/include
PATH: /var/shared/intel/composer_xe_2013_sp1.0.080/bin/intel64
PATH: /var/shared/intel/composer_xe_2013_sp1.0.080/mpirt/bin/intel64
PATH: /var/shared/intel/composer_xe_2013_sp1.0.080/debugger/gdb/intel64_mic/py26/bin
PATH: /var/shared/intel/composer_xe_2013_sp1.0.080/debugger/gdb/intel64/py26/bin
PATH: /var/shared/intel/composer_xe_2013_sp1.0.080/bin/intel64
PATH: /var/shared/intel/composer_xe_2013_sp1.0.080/bin/intel64_mic
PATH: /var/shared/intel/composer_xe_2013_sp1.0.080/debugger/gui/intel64
PATH: /usr/lib64/qt-3.3/bin
PATH: /usr/local/bin
PATH: /bin
PATH: /usr/bin
PATH: /usr/local/sbin
PATH: /usr/sbin
PATH: /sbin
PATH: /opt/gitlab/embedded/bin
PATH: /home/jsun/bin


## ----------- ##
## Core tests. ##
## ----------- ##

configure:2455: checking build system type
configure:2469: result: x86_64-unknown-linux-gnu
configure:2489: checking host system type
configure:2502: result: x86_64-unknown-linux-gnu
configure:2522: checking target system type
configure:2535: result: x86_64-unknown-linux-gnu
configure:2580: checking for a BSD-compatible install
configure:2648: result: /bin/install -c
configure:2659: checking whether build environment is sane
configure:2714: result: yes
configure:2865: checking for a thread-safe mkdir -p
configure:2904: result: /bin/mkdir -p
configure:2911: checking for gawk
configure:2927: found /bin/gawk
configure:2938: result: gawk
configure:2949: checking whether make sets $(MAKE)
configure:2971: result: yes
configure:3000: checking whether make supports nested variables
configure:3017: result: yes
configure:3094: checking whether to enable maintainer-specific portions of Makefiles
configure:3103: result: no
configure:3130: checking for style of include used by make
configure:3158: result: GNU
configure:3229: checking for gcc
configure:3256: result: /home/jsun/swanModel/jacob/llvm-clang/bin/clang
configure:3485: checking for C compiler version
configure:3494: /home/jsun/swanModel/jacob/llvm-clang/bin/clang --version >&5
Clang Front-End version 3.4.1 (git@hpdc-gitlab.eeecs.qub.ac.uk:hvandierendonck/swan-cilkplus-clang.git 4ff5d2db76464ee0be9175c6957692966f9a1310) (git@hpdc-gitlab.eeecs.qub.ac.uk:hvandierendonck/swan-cilkplus-llvm.git a58f2c4406ae0613a943a8eaf2b3d8888c65ae6d)
Target: x86_64-unknown-linux-gnu
Thread model: posix
configure:3505: $? = 0
configure:3494: /home/jsun/swanModel/jacob/llvm-clang/bin/clang -v >&5
Clang Front-End version 3.4.1 (git@hpdc-gitlab.eeecs.qub.ac.uk:hvandierendonck/swan-cilkplus-clang.git 4ff5d2db76464ee0be9175c6957692966f9a1310) (git@hpdc-gitlab.eeecs.qub.ac.uk:hvandierendonck/swan-cilkplus-llvm.git a58f2c4406ae0613a943a8eaf2b3d8888c65ae6d)
Target: x86_64-unknown-linux-gnu
Thread model: posix
Found candidate GCC installation: /usr/lib/gcc/x86_64-redhat-linux/4.8.2
Found candidate GCC installation: /usr/lib/gcc/x86_64-redhat-linux/4.8.5
Selected GCC installation: /usr/lib/gcc/x86_64-redhat-linux/4.8.5
configure:3505: $? = 0
configure:3494: /home/jsun/swanModel/jacob/llvm-clang/bin/clang -V >&5
clang: error: argument to '-V' is missing (expected 1 value)
clang: error: no input files
configure:3505: $? = 1
configure:3494: /home/jsun/swanModel/jacob/llvm-clang/bin/clang -qversion >&5
clang: error: unknown argument: '-qversion'
clang: error: no input files
configure:3505: $? = 1
configure:3525: checking whether the C compiler works
configure:3547: /home/jsun/swanModel/jacob/llvm-clang/bin/clang    conftest.c  >&5
configure:3551: $? = 0
configure:3599: result: yes
configure:3602: checking for C compiler default output file name
configure:3604: result: a.out
configure:3610: checking for suffix of executables
configure:3617: /home/jsun/swanModel/jacob/llvm-clang/bin/clang -o conftest    conftest.c  >&5
configure:3621: $? = 0
configure:3643: result: 
configure:3665: checking whether we are cross compiling
configure:3673: /home/jsun/swanModel/jacob/llvm-clang/bin/clang -o conftest    conftest.c  >&5
configure:3677: $? = 0
configure:3684: ./conftest
configure:3688: $? = 0
configure:3703: result: no
configure:3708: checking for suffix of object files
configure:3730: /home/jsun/swanModel/jacob/llvm-clang/bin/clang -c   conftest.c >&5
configure:3734: $? = 0
configure:3755: result: o
configure:3759: checking whether we are using the GNU C compiler
configure:3778: /home/jsun/swanModel/jacob/llvm-clang/bin/clang -c   conftest.c >&5
configure:3778: $? = 0
configure:3787: result: yes
configure:3796: checking whether /home/jsun/swanModel/jacob/llvm-clang/bin/clang accepts -g
configure:3816: /home/jsun/swanModel/jacob/llvm-clang/bin/clang -c -g  conftest.c >&5
configure:3816: $? = 0
configure:3857: result: yes
configure:3874: checking for /home/jsun/swanModel/jacob/llvm-clang/bin/clang option to accept ISO C89
configure:3937: /home/jsun/swanModel/jacob/llvm-clang/bin/clang  -c -g -O2  conftest.c >&5
configure:3937: $? = 0
configure:3950: result: none needed
configure:3972: checking dependency style of /home/jsun/swanModel/jacob/llvm-clang/bin/clang
configure:4083: result: gcc3
configure:4104: checking how to run the C preprocessor
configure:4135: /home/jsun/swanModel/jacob/llvm-clang/bin/clang -E  conftest.c
configure:4135: $? = 0
configure:4149: /home/jsun/swanModel/jacob/llvm-clang/bin/clang -E  conftest.c
conftest.c:9:10: fatal error: 'ac_nonexistent.h' file not found
#include <ac_nonexistent.h>
         ^
1 error generated.
configure:4149: $? = 1
configure: failed program was:
| /* confdefs.h */
| #define PACKAGE_NAME "Cilk Runtime"
| #define PACKAGE_TARNAME "cilk-runtime"
| #define PACKAGE_VERSION "2.0"
| #define PACKAGE_STRING "Cilk Runtime 2.0"
| #define PACKAGE_BUGREPORT "cilk@intel.com"
| #define PACKAGE_URL ""
| /* end confdefs.h.  */
| #include <ac_nonexistent.h>
configure:4174: result: /home/jsun/swanModel/jacob/llvm-clang/bin/clang -E
configure:4194: /home/jsun/swanModel/jacob/llvm-clang/bin/clang -E  conftest.c
configure:4194: $? = 0
configure:4208: /home/jsun/swanModel/jacob/llvm-clang/bin/clang -E  conftest.c
conftest.c:9:10: fatal error: 'ac_nonexistent.h' file not found
#include <ac_nonexistent.h>
         ^
1 error generated.
configure:4208: $? = 1
configure: failed program was:
| /* confdefs.h */
| #define PACKAGE_NAME "Cilk Runtime"
| #define PACKAGE_TARNAME "cilk-runtime"
| #define PACKAGE_VERSION "2.0"
| #define PACKAGE_STRING "Cilk Runtime 2.0"
| #define PACKAGE_BUGREPORT "cilk@intel.com"
| #define PACKAGE_URL ""
| /* end confdefs.h.  */
| #include <ac_nonexistent.h>
configure:4237: checking for grep that handles long lines and -e
configure:4295: result: /bin/grep
configure:4300: checking for egrep
configure:4362: result: /bin/grep -E
configure:4367: checking for ANSI C header files
configure:4387: /home/jsun/swanModel/jacob/llvm-clang/bin/clang -c -g -O2  conftest.c >&5
configure:4387: $? = 0
configure:4460: /home/jsun/swanModel/jacob/llvm-clang/bin/clang -o conftest -g -O2   conftest.c  >&5
configure:4460: $? = 0
configure:4460: ./conftest
configure:4460: $? = 0
configure:4471: result: yes
configure:4484: checking for sys/types.h
configure:4484: /home/jsun/swanModel/jacob/llvm-clang/bin/clang -c -g -O2  conftest.c >&5
configure:4484: $? = 0
configure:4484: result: yes
configure:4484: checking for sys/stat.h
configure:4484: /home/jsun/swanModel/jacob/llvm-clang/bin/clang -c -g -O2  conftest.c >&5
configure:4484: $? = 0
configure:4484: result: yes
configure:4484: checking for stdlib.h
configure:4484: /home/jsun/swanModel/jacob/llvm-clang/bin/clang -c -g -O2  conftest.c >&5
configure:4484: $? = 0
configure:4484: result: yes
configure:4484: checking for string.h
configure:4484: /home/jsun/swanModel/jacob/llvm-clang/bin/clang -c -g -O2  conftest.c >&5
configure:4484: $? = 0
configure:4484: result: yes
configure:4484: checking for memory.h
configure:4484: /home/jsun/swanModel/jacob/llvm-clang/bin/clang -c -g -O2  conftest.c >&5
configure:4484: $? = 0
configure:4484: result: yes
configure:4484: checking for strings.h
configure:4484: /home/jsun/swanModel/jacob/llvm-clang/bin/clang -c -g -O2  conftest.c >&5
configure:4484: $? = 0
configure:4484: result: yes
configure:4484: checking for inttypes.h
configure:4484: /home/jsun/swanModel/jacob/llvm-clang/bin/clang -c -g -O2  conftest.c >&5
configure:4484: $? = 0
configure:4484: result: yes
configure:4484: checking for stdint.h
configure:4484: /home/jsun/swanModel/jacob/llvm-clang/bin/clang -c -g -O2  conftest.c >&5
configure:4484: $? = 0
configure:4484: result: yes
configure:4484: checking for unistd.h
configure:4484: /home/jsun/swanModel/jacob/llvm-clang/bin/clang -c -g -O2  conftest.c >&5
configure:4484: $? = 0
configure:4484: result: yes
configure:4497: checking minix/config.h usability
configure:4497: /home/jsun/swanModel/jacob/llvm-clang/bin/clang -c -g -O2  conftest.c >&5
conftest.c:52:10: fatal error: 'minix/config.h' file not found
#include <minix/config.h>
         ^
1 error generated.
configure:4497: $? = 1
configure: failed program was:
| /* confdefs.h */
| #define PACKAGE_NAME "Cilk Runtime"
| #define PACKAGE_TARNAME "cilk-runtime"
| #define PACKAGE_VERSION "2.0"
| #define PACKAGE_STRING "Cilk Runtime 2.0"
| #define PACKAGE_BUGREPORT "cilk@intel.com"
| #define PACKAGE_URL ""
| #define STDC_HEADERS 1
| #define HAVE_SYS_TYPES_H 1
| #define HAVE_SYS_STAT_H 1
| #define HAVE_STDLIB_H 1
| #define HAVE_STRING_H 1
| #define HAVE_MEMORY_H 1
| #define HAVE_STRINGS_H 1
| #define HAVE_INTTYPES_H 1
| #define HAVE_STDINT_H 1
| #define HAVE_UNISTD_H 1
| /* end confdefs.h.  */
| #include <stdio.h>
| #ifdef HAVE_SYS_TYPES_H
| # include <sys/types.h>
| #endif
| #ifdef HAVE_SYS_STAT_H
| # include <sys/stat.h>
| #endif
| #ifdef STDC_HEADERS
| # include <stdlib.h>
| # include <stddef.h>
| #else
| # ifdef HAVE_STDLIB_H
| #  include <stdlib.h>
| # endif
| #endif
| #ifdef HAVE_STRING_H
| # if !defined STDC_HEADERS && defined HAVE_MEMORY_H
| #  include <memory.h>
| # endif
| # include <string.h>
| #endif
| #ifdef HAVE_STRINGS_H
| # include <strings.h>
| #endif
| #ifdef HAVE_INTTYPES_H
| # include <inttypes.h>
| #endif
| #ifdef HAVE_STDINT_H
| # include <stdint.h>
| #endif
| #ifdef HAVE_UNISTD_H
| # include <unistd.h>
| #endif
| #include <minix/config.h>
configure:4497: result: no
configure:4497: checking minix/config.h presence
configure:4497: /home/jsun/swanModel/jacob/llvm-clang/bin/clang -E  conftest.c
conftest.c:19:10: fatal error: 'minix/config.h' file not found
#include <minix/config.h>
         ^
1 error generated.
configure:4497: $? = 1
configure: failed program was:
| /* confdefs.h */
| #define PACKAGE_NAME "Cilk Runtime"
| #define PACKAGE_TARNAME "cilk-runtime"
| #define PACKAGE_VERSION "2.0"
| #define PACKAGE_STRING "Cilk Runtime 2.0"
| #define PACKAGE_BUGREPORT "cilk@intel.com"
| #define PACKAGE_URL ""
| #define STDC_HEADERS 1
| #define HAVE_SYS_TYPES_H 1
| #define HAVE_SYS_STAT_H 1
| #define HAVE_STDLIB_H 1
| #define HAVE_STRING_H 1
| #define HAVE_MEMORY_H 1
| #define HAVE_STRINGS_H 1
| #define HAVE_INTTYPES_H 1
| #define HAVE_STDINT_H 1
| #define HAVE_UNISTD_H 1
| /* end confdefs.h.  */
| #include <minix/config.h>
configure:4497: result: no
configure:4497: checking for minix/config.h
configure:4497: result: no
configure:4518: checking whether it is safe to define __EXTENSIONS__
configure:4536: /home/jsun/swanModel/jacob/llvm-clang/bin/clang -c -g -O2  conftest.c >&5
configure:4536: $? = 0
configure:4543: result: yes
configure:4559: checking for size_t
configure:4559: /home/jsun/swanModel/jacob/llvm-clang/bin/clang -c -g -O2  conftest.c >&5
configure:4559: $? = 0
configure:4559: /home/jsun/swanModel/jacob/llvm-clang/bin/clang -c -g -O2  conftest.c >&5
conftest.c:60:21: error: expected expression
if (sizeof ((size_t)))
                    ^
1 error generated.
configure:4559: $? = 1
configure: failed program was:
| /* confdefs.h */
| #define PACKAGE_NAME "Cilk Runtime"
| #define PACKAGE_TARNAME "cilk-runtime"
| #define PACKAGE_VERSION "2.0"
| #define PACKAGE_STRING "Cilk Runtime 2.0"
| #define PACKAGE_BUGREPORT "cilk@intel.com"
| #define PACKAGE_URL ""
| #define STDC_HEADERS 1
| #define HAVE_SYS_TYPES_H 1
| #define HAVE_SYS_STAT_H 1
| #define HAVE_STDLIB_H 1
| #define HAVE_STRING_H 1
| #define HAVE_MEMORY_H 1
| #define HAVE_STRINGS_H 1
| #define HAVE_INTTYPES_H 1
| #define HAVE_STDINT_H 1
| #define HAVE_UNISTD_H 1
| #define __EXTENSIONS__ 1
| #define _ALL_SOURCE 1
| #define _GNU_SOURCE 1
| #define _POSIX_PTHREAD_SEMANTICS 1
| #define _TANDEM_SOURCE 1
| /* end confdefs.h.  */
| #include <stdio.h>
| #ifdef HAVE_SYS_TYPES_H
| # include <sys/types.h>
| #endif
| #ifdef HAVE_SYS_STAT_H
| # include <sys/stat.h>
| #endif
| #ifdef STDC_HEADERS
| # include <stdlib.h>
| # include <stddef.h>
| #else
| # ifdef HAVE_STDLIB_H
| #  include <stdlib.h>
| # endif
| #endif
| #ifdef HAVE_STRING_H
| # if !defined STDC_HEADERS && defined HAVE_MEMORY_H
| #  include <memory.h>
| # endif
| # include <string.h>
| #endif
| #ifdef HAVE_STRINGS_H
| # include <strings.h>
| #endif
| #ifdef HAVE_INTTYPES_H
| # include <inttypes.h>
| #endif
| #ifdef HAVE_STDINT_H
| # include <stdint.h>
| #endif
| #ifdef HAVE_UNISTD_H
| # include <unistd.h>
| #endif
| int
| main ()
| {
| if (sizeof ((size_t)))
| 	    return 0;
|   ;
|   return 0;
| }
configure:4559: result: yes
configure:4572: checking for working alloca.h
configure:4589: /home/jsun/swanModel/jacob/llvm-clang/bin/clang -o conftest -g -O2   conftest.c  >&5
configure:4589: $? = 0
configure:4597: result: yes
configure:4605: checking for alloca
configure:4642: /home/jsun/swanModel/jacob/llvm-clang/bin/clang -o conftest -g -O2   conftest.c  >&5
configure:4642: $? = 0
configure:4650: result: yes
configure:5109: checking for gcc
configure:5136: result: /home/jsun/swanModel/jacob/llvm-clang/bin/clang
configure:5365: checking for C compiler version
configure:5374: /home/jsun/swanModel/jacob/llvm-clang/bin/clang --version >&5
Clang Front-End version 3.4.1 (git@hpdc-gitlab.eeecs.qub.ac.uk:hvandierendonck/swan-cilkplus-clang.git 4ff5d2db76464ee0be9175c6957692966f9a1310) (git@hpdc-gitlab.eeecs.qub.ac.uk:hvandierendonck/swan-cilkplus-llvm.git a58f2c4406ae0613a943a8eaf2b3d8888c65ae6d)
Target: x86_64-unknown-linux-gnu
Thread model: posix
configure:5385: $? = 0
configure:5374: /home/jsun/swanModel/jacob/llvm-clang/bin/clang -v >&5
Clang Front-End version 3.4.1 (git@hpdc-gitlab.eeecs.qub.ac.uk:hvandierendonck/swan-cilkplus-clang.git 4ff5d2db76464ee0be9175c6957692966f9a1310) (git@hpdc-gitlab.eeecs.qub.ac.uk:hvandierendonck/swan-cilkplus-llvm.git a58f2c4406ae0613a943a8eaf2b3d8888c65ae6d)
Target: x86_64-unknown-linux-gnu
Thread model: posix
Found candidate GCC installation: /usr/lib/gcc/x86_64-redhat-linux/4.8.2
Found candidate GCC installation: /usr/lib/gcc/x86_64-redhat-linux/4.8.5
Selected GCC installation: /usr/lib/gcc/x86_64-redhat-linux/4.8.5
configure:5385: $? = 0
configure:5374: /home/jsun/swanModel/jacob/llvm-clang/bin/clang -V >&5
clang: error: argument to '-V' is missing (expected 1 value)
clang: error: no input files
configure:5385: $? = 1
configure:5374: /home/jsun/swanModel/jacob/llvm-clang/bin/clang -qversion >&5
clang: error: unknown argument: '-qversion'
clang: error: no input files
configure:5385: $? = 1
configure:5389: checking whether we are using the GNU C compiler
configure:5417: result: yes
configure:5426: checking whether /home/jsun/swanModel/jacob/llvm-clang/bin/clang accepts -g
configure:5487: result: yes
configure:5504: checking for /home/jsun/swanModel/jacob/llvm-clang/bin/clang option to accept ISO C89
configure:5580: result: none needed
configure:5602: checking dependency style of /home/jsun/swanModel/jacob/llvm-clang/bin/clang
configure:5713: result: gcc3
configure:5840: checking for C++ compiler version
configure:5849: /home/jsun/swanModel/jacob/llvm-clang/bin/clang++ --version >&5
Clang Front-End version 3.4.1 (git@hpdc-gitlab.eeecs.qub.ac.uk:hvandierendonck/swan-cilkplus-clang.git 4ff5d2db76464ee0be9175c6957692966f9a1310) (git@hpdc-gitlab.eeecs.qub.ac.uk:hvandierendonck/swan-cilkplus-llvm.git a58f2c4406ae0613a943a8eaf2b3d8888c65ae6d)
Target: x86_64-unknown-linux-gnu
Thread model: posix
configure:5860: $? = 0
configure:5849: /home/jsun/swanModel/jacob/llvm-clang/bin/clang++ -v >&5
Clang Front-End version 3.4.1 (git@hpdc-gitlab.eeecs.qub.ac.uk:hvandierendonck/swan-cilkplus-clang.git 4ff5d2db76464ee0be9175c6957692966f9a1310) (git@hpdc-gitlab.eeecs.qub.ac.uk:hvandierendonck/swan-cilkplus-llvm.git a58f2c4406ae0613a943a8eaf2b3d8888c65ae6d)
Target: x86_64-unknown-linux-gnu
Thread model: posix
Found candidate GCC installation: /usr/lib/gcc/x86_64-redhat-linux/4.8.2
Found candidate GCC installation: /usr/lib/gcc/x86_64-redhat-linux/4.8.5
Selected GCC installation: /usr/lib/gcc/x86_64-redhat-linux/4.8.5
configure:5860: $? = 0
configure:5849: /home/jsun/swanModel/jacob/llvm-clang/bin/clang++ -V >&5
clang: error: argument to '-V' is missing (expected 1 value)
clang: error: no input files
configure:5860: $? = 1
configure:5849: /home/jsun/swanModel/jacob/llvm-clang/bin/clang++ -qversion >&5
clang: error: unknown argument: '-qversion'
clang: error: no input files
configure:5860: $? = 1
configure:5864: checking whether we are using the GNU C++ compiler
configure:5883: /home/jsun/swanModel/jacob/llvm-clang/bin/clang++ -c   conftest.cpp >&5
configure:5883: $? = 0
configure:5892: result: yes
configure:5901: checking whether /home/jsun/swanModel/jacob/llvm-clang/bin/clang++ accepts -g
configure:5921: /home/jsun/swanModel/jacob/llvm-clang/bin/clang++ -c -g  conftest.cpp >&5
configure:5921: $? = 0
configure:5962: result: yes
configure:5987: checking dependency style of /home/jsun/swanModel/jacob/llvm-clang/bin/clang++
configure:6098: result: gcc3
configure:6159: checking how to print strings
configure:6186: result: printf
configure:6207: checking for a sed that does not truncate output
configure:6271: result: /bin/sed
configure:6289: checking for fgrep
configure:6351: result: /bin/grep -F
configure:6386: checking for ld used by /home/jsun/swanModel/jacob/llvm-clang/bin/clang
configure:6453: result: /bin/ld
configure:6460: checking if the linker (/bin/ld) is GNU ld
configure:6475: result: yes
configure:6487: checking for BSD- or MS-compatible name lister (nm)
configure:6536: result: /bin/nm -B
configure:6666: checking the name lister (/bin/nm -B) interface
configure:6673: /home/jsun/swanModel/jacob/llvm-clang/bin/clang -c -g -O2  conftest.c >&5
configure:6676: /bin/nm -B "conftest.o"
configure:6679: output
0000000000000000 B some_variable
configure:6686: result: BSD nm
configure:6689: checking whether ln -s works
configure:6693: result: yes
configure:6701: checking the maximum length of command line arguments
configure:6831: result: 1966080
configure:6848: checking whether the shell understands some XSI constructs
configure:6858: result: yes
configure:6862: checking whether the shell understands "+="
configure:6868: result: yes
configure:6903: checking how to convert x86_64-unknown-linux-gnu file names to x86_64-unknown-linux-gnu format
configure:6943: result: func_convert_file_noop
configure:6950: checking how to convert x86_64-unknown-linux-gnu file names to toolchain format
configure:6970: result: func_convert_file_noop
configure:6977: checking for /bin/ld option to reload object files
configure:6984: result: -r
configure:7058: checking for objdump
configure:7085: result: objdump
configure:7114: checking how to recognize dependent libraries
configure:7316: result: pass_all
configure:7401: checking for dlltool
configure:7428: result: dlltool
configure:7458: checking how to associate runtime and link libraries
configure:7485: result: printf %s\n
configure:7545: checking for ar
configure:7561: found /bin/ar
configure:7572: result: ar
configure:7609: checking for archiver @FILE support
configure:7626: /home/jsun/swanModel/jacob/llvm-clang/bin/clang -c -g -O2  conftest.c >&5
configure:7626: $? = 0
configure:7629: ar cru libconftest.a @conftest.lst >&5
configure:7632: $? = 0
configure:7637: ar cru libconftest.a @conftest.lst >&5
ar: conftest.o: No such file or directory
configure:7640: $? = 1
configure:7652: result: @
configure:7710: checking for strip
configure:7726: found /bin/strip
configure:7737: result: strip
configure:7809: checking for ranlib
configure:7825: found /bin/ranlib
configure:7836: result: ranlib
configure:7938: checking command to parse /bin/nm -B output from /home/jsun/swanModel/jacob/llvm-clang/bin/clang object
configure:8058: /home/jsun/swanModel/jacob/llvm-clang/bin/clang -c -g -O2  conftest.c >&5
configure:8061: $? = 0
configure:8065: /bin/nm -B conftest.o \| sed -n -e 's/^.*[ ]\([ABCDGIRSTW][ABCDGIRSTW]*\)[ ][ ]*\([_A-Za-z][_A-Za-z0-9]*\)$/\1 \2 \2/p' | sed '/ __gnu_lto/d' \> conftest.nm
configure:8068: $? = 0
configure:8134: /home/jsun/swanModel/jacob/llvm-clang/bin/clang -o conftest -g -O2   conftest.c conftstm.o >&5
configure:8137: $? = 0
configure:8175: result: ok
configure:8212: checking for sysroot
configure:8242: result: no
configure:8319: /home/jsun/swanModel/jacob/llvm-clang/bin/clang -c -g -O2  conftest.c >&5
configure:8322: $? = 0
configure:8498: checking for mt
configure:8528: result: no
configure:8548: checking if : is a manifest tool
configure:8554: : '-?'
configure:8562: result: no
configure:9201: checking for dlfcn.h
configure:9201: /home/jsun/swanModel/jacob/llvm-clang/bin/clang -c -g -O2  conftest.c >&5
configure:9201: $? = 0
configure:9201: result: yes
configure:9416: checking for objdir
configure:9431: result: .libs
configure:9702: checking if /home/jsun/swanModel/jacob/llvm-clang/bin/clang supports -fno-rtti -fno-exceptions
configure:9720: /home/jsun/swanModel/jacob/llvm-clang/bin/clang -c -g -O2  -fno-rtti -fno-exceptions conftest.c >&5
configure:9724: $? = 0
configure:9737: result: yes
configure:10064: checking for /home/jsun/swanModel/jacob/llvm-clang/bin/clang option to produce PIC
configure:10071: result: -fPIC -DPIC
configure:10079: checking if /home/jsun/swanModel/jacob/llvm-clang/bin/clang PIC flag -fPIC -DPIC works
configure:10097: /home/jsun/swanModel/jacob/llvm-clang/bin/clang -c -g -O2  -fPIC -DPIC -DPIC conftest.c >&5
configure:10101: $? = 0
configure:10114: result: yes
configure:10143: checking if /home/jsun/swanModel/jacob/llvm-clang/bin/clang static flag -static works
configure:10171: result: yes
configure:10186: checking if /home/jsun/swanModel/jacob/llvm-clang/bin/clang supports -c -o file.o
configure:10207: /home/jsun/swanModel/jacob/llvm-clang/bin/clang -c -g -O2  -o out/conftest2.o conftest.c >&5
configure:10211: $? = 0
configure:10233: result: yes
configure:10241: checking if /home/jsun/swanModel/jacob/llvm-clang/bin/clang supports -c -o file.o
configure:10288: result: yes
configure:10321: checking whether the /home/jsun/swanModel/jacob/llvm-clang/bin/clang linker (/bin/ld -m elf_x86_64) supports shared libraries
configure:11474: result: yes
configure:11511: checking whether -lc should be explicitly linked in
configure:11519: /home/jsun/swanModel/jacob/llvm-clang/bin/clang -c -g -O2  conftest.c >&5
configure:11522: $? = 0
configure:11537: /home/jsun/swanModel/jacob/llvm-clang/bin/clang -shared  -fPIC -DPIC conftest.o  -v -Wl,-soname -Wl,conftest -o conftest 2\>\&1 \| /bin/grep  -lc  \>/dev/null 2\>\&1
configure:11540: $? = 0
configure:11554: result: no
configure:11714: checking dynamic linker characteristics
configure:12225: /home/jsun/swanModel/jacob/llvm-clang/bin/clang -o conftest -g -O2   -Wl,-rpath -Wl,/foo conftest.c  >&5
configure:12225: $? = 0
configure:12451: result: GNU/Linux ld.so
configure:12558: checking how to hardcode library paths into programs
configure:12583: result: immediate
configure:13123: checking whether stripping libraries is possible
configure:13128: result: yes
configure:13163: checking if libtool supports shared libraries
configure:13165: result: yes
configure:13168: checking whether to build shared libraries
configure:13189: result: yes
configure:13192: checking whether to build static libraries
configure:13196: result: yes
configure:13219: checking how to run the C++ preprocessor
configure:13246: /home/jsun/swanModel/jacob/llvm-clang/bin/clang++ -E  conftest.cpp
configure:13246: $? = 0
configure:13260: /home/jsun/swanModel/jacob/llvm-clang/bin/clang++ -E  conftest.cpp
conftest.cpp:28:10: fatal error: 'ac_nonexistent.h' file not found
#include <ac_nonexistent.h>
         ^
1 error generated.
configure:13260: $? = 1
configure: failed program was:
| /* confdefs.h */
| #define PACKAGE_NAME "Cilk Runtime"
| #define PACKAGE_TARNAME "cilk-runtime"
| #define PACKAGE_VERSION "2.0"
| #define PACKAGE_STRING "Cilk Runtime 2.0"
| #define PACKAGE_BUGREPORT "cilk@intel.com"
| #define PACKAGE_URL ""
| #define STDC_HEADERS 1
| #define HAVE_SYS_TYPES_H 1
| #define HAVE_SYS_STAT_H 1
| #define HAVE_STDLIB_H 1
| #define HAVE_STRING_H 1
| #define HAVE_MEMORY_H 1
| #define HAVE_STRINGS_H 1
| #define HAVE_INTTYPES_H 1
| #define HAVE_STDINT_H 1
| #define HAVE_UNISTD_H 1
| #define __EXTENSIONS__ 1
| #define _ALL_SOURCE 1
| #define _GNU_SOURCE 1
| #define _POSIX_PTHREAD_SEMANTICS 1
| #define _TANDEM_SOURCE 1
| #define HAVE_ALLOCA_H 1
| #define HAVE_ALLOCA 1
| #define HAVE_DLFCN_H 1
| #define LT_OBJDIR ".libs/"
| /* end confdefs.h.  */
| #include <ac_nonexistent.h>
configure:13285: result: /home/jsun/swanModel/jacob/llvm-clang/bin/clang++ -E
configure:13305: /home/jsun/swanModel/jacob/llvm-clang/bin/clang++ -E  conftest.cpp
configure:13305: $? = 0
configure:13319: /home/jsun/swanModel/jacob/llvm-clang/bin/clang++ -E  conftest.cpp
conftest.cpp:28:10: fatal error: 'ac_nonexistent.h' file not found
#include <ac_nonexistent.h>
         ^
1 error generated.
configure:13319: $? = 1
configure: failed program was:
| /* confdefs.h */
| #define PACKAGE_NAME "Cilk Runtime"
| #define PACKAGE_TARNAME "cilk-runtime"
| #define PACKAGE_VERSION "2.0"
| #define PACKAGE_STRING "Cilk Runtime 2.0"
| #define PACKAGE_BUGREPORT "cilk@intel.com"
| #define PACKAGE_URL ""
| #define STDC_HEADERS 1
| #define HAVE_SYS_TYPES_H 1
| #define HAVE_SYS_STAT_H 1
| #define HAVE_STDLIB_H 1
| #define HAVE_STRING_H 1
| #define HAVE_MEMORY_H 1
| #define HAVE_STRINGS_H 1
| #define HAVE_INTTYPES_H 1
| #define HAVE_STDINT_H 1
| #define HAVE_UNISTD_H 1
| #define __EXTENSIONS__ 1
| #define _ALL_SOURCE 1
| #define _GNU_SOURCE 1
| #define _POSIX_PTHREAD_SEMANTICS 1
| #define _TANDEM_SOURCE 1
| #define HAVE_ALLOCA_H 1
| #define HAVE_ALLOCA 1
| #define HAVE_DLFCN_H 1
| #define LT_OBJDIR ".libs/"
| /* end confdefs.h.  */
| #include <ac_nonexistent.h>
configure:13488: checking for ld used by /home/jsun/swanModel/jacob/llvm-clang/bin/clang++
configure:13555: result: /bin/ld -m elf_x86_64
configure:13562: checking if the linker (/bin/ld -m elf_x86_64) is GNU ld
configure:13577: result: yes
configure:13632: checking whether the /home/jsun/swanModel/jacob/llvm-clang/bin/clang++ linker (/bin/ld -m elf_x86_64) supports shared libraries
configure:14637: result: yes
configure:14673: /home/jsun/swanModel/jacob/llvm-clang/bin/clang++ -c -g -O2  conftest.cpp >&5
configure:14676: $? = 0
configure:15196: checking for /home/jsun/swanModel/jacob/llvm-clang/bin/clang++ option to produce PIC
configure:15203: result: -fPIC -DPIC
configure:15211: checking if /home/jsun/swanModel/jacob/llvm-clang/bin/clang++ PIC flag -fPIC -DPIC works
configure:15229: /home/jsun/swanModel/jacob/llvm-clang/bin/clang++ -c -g -O2  -fPIC -DPIC -DPIC conftest.cpp >&5
configure:15233: $? = 0
configure:15246: result: yes
configure:15269: checking if /home/jsun/swanModel/jacob/llvm-clang/bin/clang++ static flag -static works
configure:15297: result: no
configure:15309: checking if /home/jsun/swanModel/jacob/llvm-clang/bin/clang++ supports -c -o file.o
configure:15330: /home/jsun/swanModel/jacob/llvm-clang/bin/clang++ -c -g -O2  -o out/conftest2.o conftest.cpp >&5
configure:15334: $? = 0
configure:15356: result: yes
configure:15361: checking if /home/jsun/swanModel/jacob/llvm-clang/bin/clang++ supports -c -o file.o
configure:15408: result: yes
configure:15438: checking whether the /home/jsun/swanModel/jacob/llvm-clang/bin/clang++ linker (/bin/ld -m elf_x86_64) supports shared libraries
configure:15474: result: yes
configure:15615: checking dynamic linker characteristics
configure:16286: result: GNU/Linux ld.so
configure:16339: checking how to hardcode library paths into programs
configure:16364: result: immediate
configure:16443: /home/jsun/swanModel/jacob/llvm-clang/bin/clang -c -g -O2 -Werror  conftest.c >&5
configure:16443: $? = 0
configure:16563: /home/jsun/swanModel/jacob/llvm-clang/bin/clang -o conftest -g -O2 -pthread   conftest.c  >&5
configure:16563: $? = 0
configure:16613: /home/jsun/swanModel/jacob/llvm-clang/bin/clang -o conftest -g -O2 -pthread   conftest.c  >&5
conftest.c:29:9: warning: '_GNU_SOURCE' macro redefined
#define _GNU_SOURCE
        ^
conftest.c:20:9: note: previous definition is here
#define _GNU_SOURCE 1
        ^
1 warning generated.
configure:16613: $? = 0
configure:16793: checking that generated files are newer than configure
configure:16799: result: done
configure:16842: creating ./config.status

## ---------------------- ##
## Running config.status. ##
## ---------------------- ##

This file was extended by Cilk Runtime config.status 2.0, which was
generated by GNU Autoconf 2.69.  Invocation command line was

  CONFIG_FILES    = 
  CONFIG_HEADERS  = 
  CONFIG_LINKS    = 
  CONFIG_COMMANDS = 
  $ ./config.status 

on jacob.eeecs.qub.ac.uk

config.status:1088: creating Makefile
config.status:1245: executing depfiles commands
config.status:1245: executing libtool commands

## ---------------- ##
## Cache variables. ##
## ---------------- ##

ac_cv_build=x86_64-unknown-linux-gnu
ac_cv_c_compiler_gnu=yes
ac_cv_cxx_compiler_gnu=yes
ac_cv_env_CCC_set=
ac_cv_env_CCC_value=
ac_cv_env_CC_set=set
ac_cv_env_CC_value=/home/jsun/swanModel/jacob/llvm-clang/bin/clang
ac_cv_env_CFLAGS_set=
ac_cv_env_CFLAGS_value=
ac_cv_env_CPPFLAGS_set=
ac_cv_env_CPPFLAGS_value=
ac_cv_env_CPP_set=
ac_cv_env_CPP_value=
ac_cv_env_CXXCPP_set=
ac_cv_env_CXXCPP_value=
ac_cv_env_CXXFLAGS_set=
ac_cv_env_CXXFLAGS_value=
ac_cv_env_CXX_set=set
ac_cv_env_CXX_value=/home/jsun/swanModel/jacob/llvm-clang/bin/clang++
ac_cv_env_LDFLAGS_set=
ac_cv_env_LDFLAGS_value=
ac_cv_env_LIBS_set=
ac_cv_env_LIBS_value=
ac_cv_env_build_alias_set=
ac_cv_env_build_alias_value=
ac_cv_env_host_alias_set=
ac_cv_env_host_alias_value=
ac_cv_env_target_alias_set=
ac_cv_env_target_alias_value=
ac_cv_func_alloca_works=yes
ac_cv_header_dlfcn_h=yes
ac_cv_header_inttypes_h=yes
ac_cv_header_memory_h=yes
ac_cv_header_minix_config_h=no
ac_cv_header_stdc=yes
ac_cv_header_stdint_h=yes
ac_cv_header_stdlib_h=yes
ac_cv_header_string_h=yes
ac_cv_header_strings_h=yes
ac_cv_header_sys_stat_h=yes
ac_cv_header_sys_types_h=yes
ac_cv_header_unistd_h=yes
ac_cv_host=x86_64-unknown-linux-gnu
ac_cv_objext=o
ac_cv_path_EGREP='/bin/grep -E'
ac_cv_path_FGREP='/bin/grep -F'
ac_cv_path_GREP=/bin/grep
ac_cv_path_SED=/bin/sed
ac_cv_path_install='/bin/install -c'
ac_cv_path_mkdir=/bin/mkdir
ac_cv_prog_AWK=gawk
ac_cv_prog_CPP='/home/jsun/swanModel/jacob/llvm-clang/bin/clang -E'
ac_cv_prog_CXXCPP='/home/jsun/swanModel/jacob/llvm-clang/bin/clang++ -E'
ac_cv_prog_ac_ct_AR=ar
ac_cv_prog_ac_ct_CC=/home/jsun/swanModel/jacob/llvm-clang/bin/clang
ac_cv_prog_ac_ct_DLLTOOL=dlltool
ac_cv_prog_ac_ct_OBJDUMP=objdump
ac_cv_prog_ac_ct_RANLIB=ranlib
ac_cv_prog_ac_ct_STRIP=strip
ac_cv_prog_cc_c89=
ac_cv_prog_cc_g=yes
ac_cv_prog_cxx_g=yes
ac_cv_prog_make_make_set=yes
ac_cv_safe_to_define___extensions__=yes
ac_cv_target=x86_64-unknown-linux-gnu
ac_cv_type_size_t=yes
ac_cv_working_alloca_h=yes
am_cv_CC_dependencies_compiler_type=gcc3
am_cv_CXX_dependencies_compiler_type=gcc3
am_cv_make_support_nested_variables=yes
libcilkrts_cv_have_attribute_visibility=yes
lt_cv_ar_at_file=@
lt_cv_archive_cmds_need_lc=no
lt_cv_deplibs_check_method=pass_all
lt_cv_file_magic_cmd='$MAGIC_CMD'
lt_cv_file_magic_test_file=
lt_cv_ld_reload_flag=-r
lt_cv_nm_interface='BSD nm'
lt_cv_objdir=.libs
lt_cv_path_LD=/bin/ld
lt_cv_path_LDCXX='/bin/ld -m elf_x86_64'
lt_cv_path_NM='/bin/nm -B'
lt_cv_path_mainfest_tool=no
lt_cv_prog_compiler_c_o=yes
lt_cv_prog_compiler_c_o_CXX=yes
lt_cv_prog_compiler_pic='-fPIC -DPIC'
lt_cv_prog_compiler_pic_CXX='-fPIC -DPIC'
lt_cv_prog_compiler_pic_works=yes
lt_cv_prog_compiler_pic_works_CXX=yes
lt_cv_prog_compiler_rtti_exceptions=yes
lt_cv_prog_compiler_static_works=yes
lt_cv_prog_compiler_static_works_CXX=no
lt_cv_prog_gnu_ld=yes
lt_cv_prog_gnu_ldcxx=yes
lt_cv_sharedlib_from_linklib_cmd='printf %s\n'
lt_cv_shlibpath_overrides_runpath=no
lt_cv_sys_global_symbol_pipe='sed -n -e '\''s/^.*[	 ]\([ABCDGIRSTW][ABCDGIRSTW]*\)[	 ][	 ]*\([_A-Za-z][_A-Za-z0-9]*\)$/\1 \2 \2/p'\'' | sed '\''/ __gnu_lto/d'\'''
lt_cv_sys_global_symbol_to_c_name_address='sed -n -e '\''s/^: \([^ ]*\)[ ]*$/  {\"\1\", (void *) 0},/p'\'' -e '\''s/^[ABCDGIRSTW]* \([^ ]*\) \([^ ]*\)$/  {"\2", (void *) \&\2},/p'\'''
lt_cv_sys_global_symbol_to_c_name_address_lib_prefix='sed -n -e '\''s/^: \([^ ]*\)[ ]*$/  {\"\1\", (void *) 0},/p'\'' -e '\''s/^[ABCDGIRSTW]* \([^ ]*\) \(lib[^ ]*\)$/  {"\2", (void *) \&\2},/p'\'' -e '\''s/^[ABCDGIRSTW]* \([^ ]*\) \([^ ]*\)$/  {"lib\2", (void *) \&\2},/p'\'''
lt_cv_sys_global_symbol_to_cdecl='sed -n -e '\''s/^T .* \(.*\)$/extern int \1();/p'\'' -e '\''s/^[ABCDGIRSTW]* .* \(.*\)$/extern char \1;/p'\'''
lt_cv_sys_max_cmd_len=1966080
lt_cv_to_host_file_cmd=func_convert_file_noop
lt_cv_to_tool_file_cmd=func_convert_file_noop

## ----------------- ##
## Output variables. ##
## ----------------- ##

ACLOCAL='${SHELL} /home/jsun/swanModel/intel-cilk-runtime/missing aclocal-1.13'
ALLOCA=''
AMDEPBACKSLASH='\'
AMDEP_FALSE='#'
AMDEP_TRUE=''
AMTAR='$${TAR-tar}'
AM_BACKSLASH='\'
AM_DEFAULT_V='$(AM_DEFAULT_VERBOSITY)'
AM_DEFAULT_VERBOSITY='1'
AM_V='$(V)'
AR='ar'
AS='as'
AUTOCONF='${SHELL} /home/jsun/swanModel/intel-cilk-runtime/missing autoconf'
AUTOHEADER='${SHELL} /home/jsun/swanModel/intel-cilk-runtime/missing autoheader'
AUTOMAKE='${SHELL} /home/jsun/swanModel/intel-cilk-runtime/missing automake-1.13'
AWK='gawk'
CC='/home/jsun/swanModel/jacob/llvm-clang/bin/clang'
CCDEPMODE='depmode=gcc3'
CFLAGS='-g -O2'
CPP='/home/jsun/swanModel/jacob/llvm-clang/bin/clang -E'
CPPFLAGS=''
CXX='/home/jsun/swanModel/jacob/llvm-clang/bin/clang++'
CXXCPP='/home/jsun/swanModel/jacob/llvm-clang/bin/clang++ -E'
CXXDEPMODE='depmode=gcc3'
CXXFLAGS='-g -O2'
CYGPATH_W='echo'
DEFS='-DPACKAGE_NAME=\"Cilk\ Runtime\" -DPACKAGE_TARNAME=\"cilk-runtime\" -DPACKAGE_VERSION=\"2.0\" -DPACKAGE_STRING=\"Cilk\ Runtime\ 2.0\" -DPACKAGE_BUGREPORT=\"cilk@intel.com\" -DPACKAGE_URL=\"\" -DSTDC_HEADERS=1 -DHAVE_SYS_TYPES_H=1 -DHAVE_SYS_STAT_H=1 -DHAVE_STDLIB_H=1 -DHAVE_STRING_H=1 -DHAVE_MEMORY_H=1 -DHAVE_STRINGS_H=1 -DHAVE_INTTYPES_H=1 -DHAVE_STDINT_H=1 -DHAVE_UNISTD_H=1 -D__EXTENSIONS__=1 -D_ALL_SOURCE=1 -D_GNU_SOURCE=1 -D_POSIX_PTHREAD_SEMANTICS=1 -D_TANDEM_SOURCE=1 -DHAVE_ALLOCA_H=1 -DHAVE_ALLOCA=1 -DHAVE_DLFCN_H=1 -DLT_OBJDIR=\".libs/\" -DHAVE_ATTRIBUTE_VISIBILITY=1 -DHAVE_PTHREAD_AFFINITY_NP=1'
DEPDIR='.deps'
DLLTOOL='dlltool'
DSYMUTIL=''
DUMPBIN=''
ECHO_C=''
ECHO_N='-n'
ECHO_T=''
EGREP='/bin/grep -E'
EXEEXT=''
FGREP='/bin/grep -F'
GREP='/bin/grep'
INSTALL_DATA='${INSTALL} -m 644'
INSTALL_PROGRAM='${INSTALL}'
INSTALL_SCRIPT='${INSTALL}'
INSTALL_STRIP_PROGRAM='$(install_sh) -c -s'
LD='/bin/ld -m elf_x86_64'
LDFLAGS=''
LIBOBJS=''
LIBS=''
LIBTOOL='$(SHELL) $(top_builddir)/libtool'
LINUX_LINKER_SCRIPT_FALSE='#'
LINUX_LINKER_SCRIPT_TRUE=''
LIPO=''
LN_S='ln -s'
LTLIBOBJS=''
MAC_LINKER_SCRIPT_FALSE=''
MAC_LINKER_SCRIPT_TRUE='#'
MAINT='#'
MAINTAINER_MODE_FALSE=''
MAINTAINER_MODE_TRUE='#'
MAKEINFO='${SHELL} /home/jsun/swanModel/intel-cilk-runtime/missing makeinfo'
MANIFEST_TOOL=':'
MKDIR_P='/bin/mkdir -p'
NM='/bin/nm -B'
NMEDIT=''
OBJDUMP='objdump'
OBJEXT='o'
OTOOL64=''
OTOOL=''
PACKAGE='cilk-runtime'
PACKAGE_BUGREPORT='cilk@intel.com'
PACKAGE_NAME='Cilk Runtime'
PACKAGE_STRING='Cilk Runtime 2.0'
PACKAGE_TARNAME='cilk-runtime'
PACKAGE_URL=''
PACKAGE_VERSION='2.0'
PATH_SEPARATOR=':'
RANLIB='ranlib'
SED='/bin/sed'
SET_MAKE=''
SHELL='/bin/sh'
STRIP='strip'
VERSION='2.0'
XCFLAGS=' -Wc,-pthread'
XLDFLAGS=' -lpthread'
ac_ct_AR='ar'
ac_ct_CC='/home/jsun/swanModel/jacob/llvm-clang/bin/clang'
ac_ct_CXX=''
ac_ct_DUMPBIN=''
am__EXEEXT_FALSE=''
am__EXEEXT_TRUE='#'
am__fastdepCC_FALSE='#'
am__fastdepCC_TRUE=''
am__fastdepCXX_FALSE='#'
am__fastdepCXX_TRUE=''
am__include='include'
am__isrc=' -I$(srcdir)'
am__leading_dot='.'
am__nodep='_no'
am__quote=''
am__tar='$${TAR-tar} chof - "$$tardir"'
am__untar='$${TAR-tar} xf -'
bindir='${exec_prefix}/bin'
build='x86_64-unknown-linux-gnu'
build_alias=''
build_cpu='x86_64'
build_os='linux-gnu'
build_vendor='unknown'
config_dir='x86'
datadir='${datarootdir}'
datarootdir='${prefix}/share'
docdir='${datarootdir}/doc/${PACKAGE_TARNAME}'
dvidir='${docdir}'
exec_prefix='${prefix}'
host='x86_64-unknown-linux-gnu'
host_alias=''
host_cpu='x86_64'
host_os='linux-gnu'
host_vendor='unknown'
htmldir='${docdir}'
includedir='${prefix}/include'
infodir='${datarootdir}/info'
install_sh='${SHELL} /home/jsun/swanModel/intel-cilk-runtime/install-sh'
libdir='${exec_prefix}/lib'
libexecdir='${exec_prefix}/libexec'
link_cilkrts='-lcilkrts %{static: }'
localedir='${datarootdir}/locale'
localstatedir='${prefix}/var'
lt_cv_dlopen_libs=''
mandir='${datarootdir}/man'
mkdir_p='$(MKDIR_P)'
oldincludedir='/usr/include'
pdfdir='${docdir}'
prefix='/home/jsun/swanModel/jacob/cilk-swan'
program_transform_name='s,x,x,'
psdir='${docdir}'
sbindir='${exec_prefix}/sbin'
sharedstatedir='${prefix}/com'
sysconfdir='${prefix}/etc'
target='x86_64-unknown-linux-gnu'
target_alias=''
target_cpu='x86_64'
target_os='linux-gnu'
target_vendor='unknown'
toolexecdir=''
toolexeclibdir=''

## ----------- ##
## confdefs.h. ##
## ----------- ##

/* confdefs.h */
#define PACKAGE_NAME "Cilk Runtime"
#define PACKAGE_TARNAME "cilk-runtime"
#define PACKAGE_VERSION "2.0"
#define PACKAGE_STRING "Cilk Runtime 2.0"
#define PACKAGE_BUGREPORT "cilk@intel.com"
#define PACKAGE_URL ""
#define STDC_HEADERS 1
#define HAVE_SYS_TYPES_H 1
#define HAVE_SYS_STAT_H 1
#define HAVE_STDLIB_H 1
#define HAVE_STRING_H 1
#define HAVE_MEMORY_H 1
#define HAVE_STRINGS_H 1
#define HAVE_INTTYPES_H 1
#define HAVE_STDINT_H 1
#define HAVE_UNISTD_H 1
#define __EXTENSIONS__ 1
#define _ALL_SOURCE 1
#define _GNU_SOURCE 1
#define _POSIX_PTHREAD_SEMANTICS 1
#define _TANDEM_SOURCE 1
#define HAVE_ALLOCA_H 1
#define HAVE_ALLOCA 1
#define HAVE_DLFCN_H 1
#define LT_OBJDIR ".libs/"
#define HAVE_ATTRIBUTE_VISIBILITY 1
#define HAVE_PTHREAD_AFFINITY_NP 1

configure: exit 0
